
                      Design Compiler Graphical
                            DC Ultra (TM)
                             DFTMAX (TM)
                         Power Compiler (TM)
                           DesignWare (R)
                           DC Expert (TM)
                         Design Vision (TM)
                          HDL Compiler (TM)
                         VHDL Compiler (TM)
                            DFT Compiler
                        Library Compiler (TM)
                         Design Compiler(R)

         Version J-2014.09-SP5-2 for RHEL64 -- Jul 11, 2015
               Copyright (c) 1988-2015 Synopsys, Inc.

This software and the associated documentation are confidential and 
proprietary to Synopsys, Inc. Your use or disclosure of this software 
is subject to the terms and conditions of a written license agreement 
between you, or your company, and Synopsys, Inc.

Initializing...
##############################################
# Setup: fill out the following parameters: name of clock signal, clock period (ns),
# reset signal name (if used), name of top-level module, name of source file
set CLK_NAME "clk";
clk
set CLK_PERIOD 1.15
1.15
set RST_NAME "reset";
reset
set TOP_MOD_NAME "conv_20_13_20_1";
conv_20_13_20_1
set SRC_FILE [list "../rtl_files_20_13_20_1/conv_20_13_20_1.sv" "../rtl_files_20_13_20_1/fmem_ROM.sv" "../rtl_files_20_13_20_1/memory.sv" "../rtl_files_20_13_20_1/ctrl_mem_write.sv" "../rtl_files_20_13_20_1/ctrl_conv_output.sv" "../rtl_files_20_13_20_1/mac.sv"];
../rtl_files_20_13_20_1/conv_20_13_20_1.sv ../rtl_files_20_13_20_1/fmem_ROM.sv ../rtl_files_20_13_20_1/memory.sv ../rtl_files_20_13_20_1/ctrl_mem_write.sv ../rtl_files_20_13_20_1/ctrl_conv_output.sv ../rtl_files_20_13_20_1/mac.sv
# If you have multiple source files, change the line above to list them all like this:
# set SRC_FILE [list "file1.sv" "file2.sv"];
###############################################
source setupdc.tcl
NangateOpenCellLibrary_typical.db dw_foundation.sldb
file mkdir work_synth
define_design_lib WORK -path work_synth
1
analyze $SRC_FILE -format sverilog
Running PRESTO HDLC
Compiling source file ../rtl_files_20_13_20_1/conv_20_13_20_1.sv
Compiling source file ../rtl_files_20_13_20_1/fmem_ROM.sv
Compiling source file ../rtl_files_20_13_20_1/memory.sv
Compiling source file ../rtl_files_20_13_20_1/ctrl_mem_write.sv
Compiling source file ../rtl_files_20_13_20_1/ctrl_conv_output.sv
Compiling source file ../rtl_files_20_13_20_1/mac.sv
Presto compilation completed successfully.
Loading db file '/home/home4/pmilder/ese507/synthesis/lib/NangateOpenCellLibrary_typical.db'
Loading db file '/usr/local/synopsys/syn/libraries/syn/dw_foundation.sldb'
1
elaborate -work WORK $TOP_MOD_NAME
Loading db file '/usr/local/synopsys/syn/libraries/syn/gtech.db'
Loading db file '/usr/local/synopsys/syn/libraries/syn/standard.sldb'
  Loading link library 'NangateOpenCellLibrary'
  Loading link library 'gtech'
Running PRESTO HDLC

Inferred memory devices in process
	in routine conv_20_13_20_1 line 93 in file
		'../rtl_files_20_13_20_1/conv_20_13_20_1.sv'.
===============================================================================
|    Register Name    |   Type    | Width | Bus | MB | AR | AS | SR | SS | ST |
===============================================================================
|    fmem_addr_reg    | Flip-flop |   4   |  Y  | N  | N  | N  | N  | N  | N  |
===============================================================================

Inferred memory devices in process
	in routine conv_20_13_20_1 line 108 in file
		'../rtl_files_20_13_20_1/conv_20_13_20_1.sv'.
===============================================================================
|    Register Name    |   Type    | Width | Bus | MB | AR | AS | SR | SS | ST |
===============================================================================
| conv_pre_start_reg  | Flip-flop |   1   |  N  | N  | N  | N  | N  | N  | N  |
===============================================================================
Presto compilation completed successfully.
Elaborated 1 design.
Current design is now 'conv_20_13_20_1'.
Information: Building the design 'ctrl_mem_write'. (HDL-193)

Inferred memory devices in process
	in routine ctrl_mem_write line 20 in file
		'../rtl_files_20_13_20_1/ctrl_mem_write.sv'.
===============================================================================
|    Register Name    |   Type    | Width | Bus | MB | AR | AS | SR | SS | ST |
===============================================================================
|    mem_addr_reg     | Flip-flop |   5   |  Y  | N  | N  | N  | N  | N  | N  |
|     s_ready_reg     | Flip-flop |   1   |  N  | N  | N  | N  | N  | N  | N  |
===============================================================================
Presto compilation completed successfully.
Information: Building the design 'memory'. (HDL-193)

Inferred memory devices in process
	in routine memory line 11 in file
		'../rtl_files_20_13_20_1/memory.sv'.
===============================================================================
|    Register Name    |   Type    | Width | Bus | MB | AR | AS | SR | SS | ST |
===============================================================================
|    data_out_reg     | Flip-flop |  20   |  Y  | N  | N  | N  | N  | N  | N  |
|       mem_reg       | Flip-flop |  20   |  Y  | N  | N  | N  | N  | N  | N  |
|       mem_reg       | Flip-flop |  20   |  Y  | N  | N  | N  | N  | N  | N  |
|       mem_reg       | Flip-flop |  20   |  Y  | N  | N  | N  | N  | N  | N  |
|       mem_reg       | Flip-flop |  20   |  Y  | N  | N  | N  | N  | N  | N  |
|       mem_reg       | Flip-flop |  20   |  Y  | N  | N  | N  | N  | N  | N  |
|       mem_reg       | Flip-flop |  20   |  Y  | N  | N  | N  | N  | N  | N  |
|       mem_reg       | Flip-flop |  20   |  Y  | N  | N  | N  | N  | N  | N  |
|       mem_reg       | Flip-flop |  20   |  Y  | N  | N  | N  | N  | N  | N  |
|       mem_reg       | Flip-flop |  20   |  Y  | N  | N  | N  | N  | N  | N  |
|       mem_reg       | Flip-flop |  20   |  Y  | N  | N  | N  | N  | N  | N  |
|       mem_reg       | Flip-flop |  20   |  Y  | N  | N  | N  | N  | N  | N  |
|       mem_reg       | Flip-flop |  20   |  Y  | N  | N  | N  | N  | N  | N  |
|       mem_reg       | Flip-flop |  20   |  Y  | N  | N  | N  | N  | N  | N  |
|       mem_reg       | Flip-flop |  20   |  Y  | N  | N  | N  | N  | N  | N  |
|       mem_reg       | Flip-flop |  20   |  Y  | N  | N  | N  | N  | N  | N  |
|       mem_reg       | Flip-flop |  20   |  Y  | N  | N  | N  | N  | N  | N  |
|       mem_reg       | Flip-flop |  20   |  Y  | N  | N  | N  | N  | N  | N  |
|       mem_reg       | Flip-flop |  20   |  Y  | N  | N  | N  | N  | N  | N  |
|       mem_reg       | Flip-flop |  20   |  Y  | N  | N  | N  | N  | N  | N  |
|       mem_reg       | Flip-flop |  20   |  Y  | N  | N  | N  | N  | N  | N  |
===============================================================================
Presto compilation completed successfully.
Information: Building the design 'fmem_ROM'. (HDL-193)

Statistics for case statements in always block at line 10 in file
	'../rtl_files_20_13_20_1/fmem_ROM.sv'
===============================================
|           Line           |  full/ parallel  |
===============================================
|            11            |     no/auto      |
===============================================

Inferred memory devices in process
	in routine fmem_ROM line 10 in file
		'../rtl_files_20_13_20_1/fmem_ROM.sv'.
===============================================================================
|    Register Name    |   Type    | Width | Bus | MB | AR | AS | SR | SS | ST |
===============================================================================
|        z_reg        | Flip-flop |  20   |  Y  | N  | N  | N  | N  | N  | N  |
===============================================================================
Presto compilation completed successfully.
Information: Building the design 'ctrl_conv_output'. (HDL-193)

Inferred memory devices in process
	in routine ctrl_conv_output line 81 in file
		'../rtl_files_20_13_20_1/ctrl_conv_output.sv'.
=================================================================================
|     Register Name     |   Type    | Width | Bus | MB | AR | AS | SR | SS | ST |
=================================================================================
|     conv_done_reg     | Flip-flop |   1   |  N  | N  | N  | N  | N  | N  | N  |
|   m_pre_valid_y_reg   | Flip-flop |   1   |  N  | N  | N  | N  | N  | N  | N  |
|     m_valid_y_reg     | Flip-flop |   1   |  N  | N  | N  | N  | N  | N  | N  |
|     cnt_conv_reg      | Flip-flop |   5   |  Y  | N  | N  | N  | N  | N  | N  |
| conv_start_accum_reg  | Flip-flop |   1   |  N  | N  | N  | N  | N  | N  | N  |
| m_pre_pre_valid_y_reg | Flip-flop |   1   |  N  | N  | N  | N  | N  | N  | N  |
=================================================================================
Presto compilation completed successfully.
Information: Building the design 'mac'. (HDL-193)

Inferred memory devices in process
	in routine mac line 27 in file
		'../rtl_files_20_13_20_1/mac.sv'.
===============================================================================
|    Register Name    |   Type    | Width | Bus | MB | AR | AS | SR | SS | ST |
===============================================================================
|  x_mult_f_reg_reg   | Flip-flop |  20   |  Y  | N  | N  | N  | N  | N  | N  |
===============================================================================

Inferred memory devices in process
	in routine mac line 41 in file
		'../rtl_files_20_13_20_1/mac.sv'.
===============================================================================
|    Register Name    |   Type    | Width | Bus | MB | AR | AS | SR | SS | ST |
===============================================================================
|    adder_reg_reg    | Flip-flop |  20   |  Y  | N  | N  | N  | N  | N  | N  |
===============================================================================
Presto compilation completed successfully.
1
###### CLOCKS AND PORTS #######
set CLK_PORT [get_ports $CLK_NAME]
{clk}
set TMP1 [remove_from_collection [all_inputs] $CLK_PORT]
{reset s_data_in_x[19] s_data_in_x[18] s_data_in_x[17] s_data_in_x[16] s_data_in_x[15] s_data_in_x[14] s_data_in_x[13] s_data_in_x[12] s_data_in_x[11] s_data_in_x[10] s_data_in_x[9] s_data_in_x[8] s_data_in_x[7] s_data_in_x[6] s_data_in_x[5] s_data_in_x[4] s_data_in_x[3] s_data_in_x[2] s_data_in_x[1] s_data_in_x[0] s_valid_x m_ready_y}
set INPUTS [remove_from_collection $TMP1 $RST_NAME]
{s_data_in_x[19] s_data_in_x[18] s_data_in_x[17] s_data_in_x[16] s_data_in_x[15] s_data_in_x[14] s_data_in_x[13] s_data_in_x[12] s_data_in_x[11] s_data_in_x[10] s_data_in_x[9] s_data_in_x[8] s_data_in_x[7] s_data_in_x[6] s_data_in_x[5] s_data_in_x[4] s_data_in_x[3] s_data_in_x[2] s_data_in_x[1] s_data_in_x[0] s_valid_x m_ready_y}
create_clock -period $CLK_PERIOD [get_ports clk]
1
# set delay for inputs to be 0.2ns
set_input_delay 0.2 -max -clock clk $INPUTS
1
set_output_delay 0.2 -max -clock clk [all_outputs]
1
###### OPTIMIZATION #######
set_max_area 0 
1
###### RUN #####
compile_ultra
Information: Performing power optimization. (PWR-850)
Alib files are up-to-date.
Information: Evaluating DesignWare library utilization. (UISN-27)

============================================================================
| DesignWare Building Block Library  |         Version         | Available |
============================================================================
| Basic DW Building Blocks           | J-2014.09-DWBB_201409.5.2 |   *     |
| Licensed DW Building Blocks        | J-2014.09-DWBB_201409.5.2 |   *     |
============================================================================

Information: Sequential output inversion is enabled.  SVF file must be used for formal verification. (OPT-1208)

Information: There are 6 potential problems in your design. Please run 'check_design' for more information. (LINT-99)


Loaded alib file './alib-52/NangateOpenCellLibrary_typical.db.alib'
  Building model 'DW01_NAND2'
Information: Ungrouping hierarchy ctrl_xmem_write_inst before Pass 1 (OPT-776)
Information: Ungrouping hierarchy xmem_inst before Pass 1 (OPT-776)
Information: Ungrouping hierarchy fmem_inst before Pass 1 (OPT-776)
Information: Ungrouping hierarchy ctrl_conv_output_inst before Pass 1 (OPT-776)
Information: Ungrouping hierarchy mac_unit_inst before Pass 1 (OPT-776)
Information: Ungrouping 5 of 6 hierarchies before Pass 1 (OPT-775)
Information: State dependent leakage is now switched from on to off.

  Beginning Pass 1 Mapping
  ------------------------
  Processing 'conv_20_13_20_1'
Information: Added key list 'DesignWare' to design 'conv_20_13_20_1'. (DDB-72)
Information: In design 'conv_20_13_20_1', the register 'fmem_inst/z_reg[18]' is removed because it is merged to 'fmem_inst/z_reg[19]'. (OPT-1215)
Information: In design 'conv_20_13_20_1', the register 'fmem_inst/z_reg[17]' is removed because it is merged to 'fmem_inst/z_reg[19]'. (OPT-1215)
Information: In design 'conv_20_13_20_1', the register 'fmem_inst/z_reg[16]' is removed because it is merged to 'fmem_inst/z_reg[19]'. (OPT-1215)
Information: In design 'conv_20_13_20_1', the register 'fmem_inst/z_reg[15]' is removed because it is merged to 'fmem_inst/z_reg[19]'. (OPT-1215)
Information: In design 'conv_20_13_20_1', the register 'fmem_inst/z_reg[14]' is removed because it is merged to 'fmem_inst/z_reg[19]'. (OPT-1215)
Information: In design 'conv_20_13_20_1', the register 'fmem_inst/z_reg[13]' is removed because it is merged to 'fmem_inst/z_reg[19]'. (OPT-1215)
Information: In design 'conv_20_13_20_1', the register 'fmem_inst/z_reg[12]' is removed because it is merged to 'fmem_inst/z_reg[19]'. (OPT-1215)
Information: In design 'conv_20_13_20_1', the register 'fmem_inst/z_reg[11]' is removed because it is merged to 'fmem_inst/z_reg[19]'. (OPT-1215)
Information: In design 'conv_20_13_20_1', the register 'fmem_inst/z_reg[10]' is removed because it is merged to 'fmem_inst/z_reg[19]'. (OPT-1215)
 Implement Synthetic for 'conv_20_13_20_1'.

  Updating timing information
Information: Updating design information... (UID-85)

  Beginning Mapping Optimizations  (Ultra High effort)
  -------------------------------
  Mapping Optimization (Phase 1)

                                  TOTAL                                                
   ELAPSED            WORST NEG   SETUP    DESIGN                              LEAKAGE 
    TIME      AREA      SLACK     COST    RULE COST         ENDPOINT            POWER  
  --------- --------- --------- --------- --------- ------------------------- ---------
    0:00:05    5459.6      0.34       9.3       9.5                           123351.9922
    0:00:05    5445.0      0.34       9.1       9.5                           122835.2734
    0:00:05    5445.0      0.34       9.1       9.5                           122835.2734
    0:00:05    5445.6      0.30       8.3       4.8                           122854.5391
  Re-synthesis Optimization (Phase 1)
  Re-synthesis Optimization (Phase 2)
  Global Optimization (Phase 1)
  Global Optimization (Phase 2)
  Global Optimization (Phase 3)
  Global Optimization (Phase 4)
  Global Optimization (Phase 5)
  Global Optimization (Phase 6)
  Global Optimization (Phase 7)
  Global Optimization (Phase 8)
  Global Optimization (Phase 9)
  Global Optimization (Phase 10)
  Global Optimization (Phase 11)
  Global Optimization (Phase 12)
  Global Optimization (Phase 13)
  Global Optimization (Phase 14)
  Global Optimization (Phase 15)
  Global Optimization (Phase 16)
  Global Optimization (Phase 17)
  Global Optimization (Phase 18)
  Global Optimization (Phase 19)
  Global Optimization (Phase 20)
  Global Optimization (Phase 21)
  Global Optimization (Phase 22)
  Global Optimization (Phase 23)
  Global Optimization (Phase 24)
  Global Optimization (Phase 25)
  Global Optimization (Phase 26)
  Global Optimization (Phase 27)
  Global Optimization (Phase 28)
  Global Optimization (Phase 29)
  Global Optimization (Phase 30)
  Global Optimization (Phase 31)
  Mapping 'conv_20_13_20_1_DP_OP_485J1_122_4413_1'
    0:00:06    4899.7      0.16       3.2       0.0                           102709.7812



  Beginning Delay Optimization Phase
  ----------------------------------

                                  TOTAL                                                
   ELAPSED            WORST NEG   SETUP    DESIGN                              LEAKAGE 
    TIME      AREA      SLACK     COST    RULE COST         ENDPOINT            POWER  
  --------- --------- --------- --------- --------- ------------------------- ---------
    0:00:06    4899.7      0.16       3.2       0.0                           102709.7812
    0:00:06    4899.7      0.16       3.2       0.0                           102709.7812
    0:00:07    4900.5      0.16       3.2       0.0                           102741.5312
    0:00:07    4900.5      0.16       3.2       0.0                           102741.5312
    0:00:07    4908.5      0.15       2.9       0.0                           102991.6250
    0:00:07    4908.5      0.15       2.9       0.0                           102991.6250
    0:00:07    4908.0      0.15       2.9       0.0                           102955.6328
    0:00:07    4908.0      0.15       2.9       0.0                           102955.6328
    0:00:07    4914.3      0.14       2.8       0.0                           103177.7578
    0:00:07    4914.3      0.14       2.8       0.0                           103177.7578
    0:00:11    5005.6      0.09       1.6       0.0                           106250.3750
    0:00:11    5005.6      0.09       1.6       0.0                           106250.3750
    0:00:12    5026.1      0.08       1.6       0.0                           106935.6406

  Beginning Delay Optimization
  ----------------------------
    0:00:12    5026.3      0.08       1.5       0.0                           106914.0000
    0:00:12    5043.1      0.08       1.5       0.0                           107423.6016
    0:00:12    5043.1      0.08       1.5       0.0                           107423.6016
    0:00:13    5043.1      0.08       1.5       0.0                           107423.6016
    0:00:13    5043.1      0.08       1.5       0.0                           107401.9609
    0:00:13    5050.3      0.06       1.2       0.0                           107661.9609
    0:00:13    5050.3      0.06       1.2       0.0                           107661.9609
    0:00:14    5041.2      0.06       1.1       0.0                           107447.8203
    0:00:15    5042.8      0.01       0.1       0.0                           107163.4922
    0:00:15    5042.6      0.01       0.1       0.0                           107157.7422

                                  TOTAL                                                
   ELAPSED            WORST NEG   SETUP    DESIGN                              LEAKAGE 
    TIME      AREA      SLACK     COST    RULE COST         ENDPOINT            POWER  
  --------- --------- --------- --------- --------- ------------------------- ---------
    0:00:15    5042.6      0.01       0.1       0.0                           107157.7422
    0:00:15    5045.0      0.01       0.1       0.0                           107085.5547


  Beginning Leakage Power Optimization  (max_leakage_power 0)
  ------------------------------------

                                  TOTAL                                                
   ELAPSED            WORST NEG   SETUP    DESIGN                              LEAKAGE 
    TIME      AREA      SLACK     COST    RULE COST         ENDPOINT            POWER  
  --------- --------- --------- --------- --------- ------------------------- ---------
    0:00:17    5032.2      0.01       0.1       0.0                           106759.1094
  Global Optimization (Phase 32)
  Global Optimization (Phase 33)
  Global Optimization (Phase 34)
  Global Optimization (Phase 35)
  Global Optimization (Phase 36)
  Global Optimization (Phase 37)
  Global Optimization (Phase 38)
  Global Optimization (Phase 39)
  Global Optimization (Phase 40)
  Global Optimization (Phase 41)
  Global Optimization (Phase 42)
  Global Optimization (Phase 43)
  Global Optimization (Phase 44)
  Global Optimization (Phase 45)
    0:00:17    4951.1      0.00       0.0       0.0                           103573.5312
    0:00:17    4951.1      0.00       0.0       0.0                           103573.5312
    0:00:17    4951.1      0.00       0.0       0.0                           103573.5312
    0:00:17    4951.1      0.00       0.0       0.0                           103573.5312
    0:00:17    4951.1      0.00       0.0       0.0                           103573.5312
    0:00:17    4951.1      0.00       0.0       0.0                           103573.5312
    0:00:17    4951.1      0.00       0.0       0.0                           103573.5312
    0:00:17    4951.1      0.00       0.0       0.0                           103573.5312
    0:00:17    4951.1      0.00       0.0       0.0                           103573.5312
    0:00:17    4951.1      0.00       0.0       0.0                           103573.5312
    0:00:17    4951.1      0.00       0.0       0.0                           103573.5312
    0:00:17    4951.1      0.00       0.0       0.0                           103573.5312
    0:00:17    4951.1      0.00       0.0       0.0                           103573.5312
    0:00:17    4951.1      0.00       0.0       0.0                           103573.5312
    0:00:17    4951.1      0.00       0.0       0.0                           103573.5312
    0:00:17    4951.1      0.00       0.0       0.0                           103573.5312
    0:00:17    4951.1      0.00       0.0       0.0                           103573.5312
    0:00:17    4951.1      0.00       0.0       0.0                           103573.5312
    0:00:17    4951.1      0.00       0.0       0.0                           103573.5312
    0:00:17    4951.1      0.00       0.0       0.0                           103573.5312
    0:00:17    4951.1      0.00       0.0       0.0                           103573.5312
    0:00:17    4951.1      0.00       0.0       0.0                           103573.5312

                                  TOTAL                                                
   ELAPSED            WORST NEG   SETUP    DESIGN                              LEAKAGE 
    TIME      AREA      SLACK     COST    RULE COST         ENDPOINT            POWER  
  --------- --------- --------- --------- --------- ------------------------- ---------
    0:00:18    4951.1      0.00       0.0       0.0                           103573.5312
    0:00:18    4933.5      0.00       0.0       0.0                           102995.0469
    0:00:18    4933.5      0.00       0.0       0.0                           102995.0469
    0:00:18    4933.5      0.00       0.0       0.0                           102995.0469
    0:00:18    4933.5      0.00       0.0       0.0                           102995.0469
    0:00:18    4928.7      0.00       0.0       0.0                           102830.0547
    0:00:18    4928.7      0.00       0.0       0.0                           102830.0547
    0:00:18    4927.9      0.00       0.0       0.0                           102793.6250
Loading db file '/home/home4/pmilder/ese507/synthesis/lib/NangateOpenCellLibrary_typical.db'


Note: Symbol # after min delay cost means estimated hold TNS across all active scenarios 


  Optimization Complete
  ---------------------
Information: State dependent leakage is now switched from off to on.
Information: Propagating switching activity (low effort zero delay simulation). (PWR-6)
1
report_area
 
****************************************
Report : area
Design : conv_20_13_20_1
Version: J-2014.09-SP5-2
Date   : Fri Nov 22 01:48:42 2019
****************************************

Information: Updating design information... (UID-85)
Library(s) Used:

    NangateOpenCellLibrary (File: /home/home4/pmilder/ese507/synthesis/lib/NangateOpenCellLibrary_typical.db)

Number of ports:                           46
Number of nets:                          3072
Number of cells:                         2901
Number of combinational cells:           2409
Number of sequential cells:               492
Number of macros/black boxes:               0
Number of buf/inv:                        589
Number of references:                      39

Combinational area:               2695.910025
Buf/Inv area:                      322.658003
Noncombinational area:            2232.005921
Macro/Black Box area:                0.000000
Net Interconnect area:      undefined  (Wire load has zero net area)

Total cell area:                  4927.915946
Total area:                 undefined
1
report_power
 
****************************************
Report : power
        -analysis_effort low
Design : conv_20_13_20_1
Version: J-2014.09-SP5-2
Date   : Fri Nov 22 01:48:42 2019
****************************************


Library(s) Used:

    NangateOpenCellLibrary (File: /home/home4/pmilder/ese507/synthesis/lib/NangateOpenCellLibrary_typical.db)


Operating Conditions: typical   Library: NangateOpenCellLibrary
Wire Load Model Mode: top

Design        Wire Load Model            Library
------------------------------------------------
conv_20_13_20_1        5K_hvratio_1_1    NangateOpenCellLibrary


Global Operating Voltage = 1.1  
Power-specific unit information :
    Voltage Units = 1V
    Capacitance Units = 1.000000ff
    Time Units = 1ns
    Dynamic Power Units = 1uW    (derived from V,C,T units)
    Leakage Power Units = 1nW


  Cell Internal Power  =   2.1191 mW   (85%)
  Net Switching Power  = 372.3583 uW   (15%)
                         ---------
Total Dynamic Power    =   2.4915 mW  (100%)

Cell Leakage Power     = 102.5935 uW


                 Internal         Switching           Leakage            Total
Power Group      Power            Power               Power              Power   (   %    )  Attrs
--------------------------------------------------------------------------------------------------
io_pad             0.0000            0.0000            0.0000            0.0000  (   0.00%)
memory             0.0000            0.0000            0.0000            0.0000  (   0.00%)
black_box          0.0000            0.0000            0.0000            0.0000  (   0.00%)
clock_network      0.0000            0.0000            0.0000            0.0000  (   0.00%)
register       1.8314e+03           24.6536        3.8896e+04        1.8950e+03  (  73.05%)
sequential         0.0000            0.0000            0.0000            0.0000  (   0.00%)
combinational    287.7121          347.7046        6.3697e+04          699.1143  (  26.95%)
--------------------------------------------------------------------------------------------------
Total          2.1191e+03 uW       372.3582 uW     1.0259e+05 nW     2.5941e+03 uW
1
report_timing
 
****************************************
Report : timing
        -path full
        -delay max
        -max_paths 1
Design : conv_20_13_20_1
Version: J-2014.09-SP5-2
Date   : Fri Nov 22 01:48:42 2019
****************************************

Operating Conditions: typical   Library: NangateOpenCellLibrary
Wire Load Model Mode: top

  Startpoint: xmem_inst/data_out_reg[9]
              (rising edge-triggered flip-flop clocked by clk)
  Endpoint: mac_unit_inst/x_mult_f_reg_reg[17]
            (rising edge-triggered flip-flop clocked by clk)
  Path Group: clk
  Path Type: max

  Des/Clust/Port     Wire Load Model       Library
  ------------------------------------------------
  conv_20_13_20_1    5K_hvratio_1_1        NangateOpenCellLibrary

  Point                                                   Incr       Path
  --------------------------------------------------------------------------
  clock clk (rise edge)                                   0.00       0.00
  clock network delay (ideal)                             0.00       0.00
  xmem_inst/data_out_reg[9]/CK (DFF_X1)                   0.00       0.00 r
  xmem_inst/data_out_reg[9]/Q (DFF_X1)                    0.09       0.09 r
  U1452/Z (BUF_X2)                                        0.07       0.17 r
  U1914/ZN (XNOR2_X1)                                     0.05       0.22 f
  U1928/ZN (OAI22_X1)                                     0.07       0.29 r
  U2138/S (FA_X1)                                         0.13       0.42 f
  U2152/ZN (OR2_X1)                                       0.06       0.48 f
  U2153/ZN (NAND2_X1)                                     0.03       0.51 r
  U2155/ZN (NAND2_X1)                                     0.03       0.54 f
  U2157/ZN (XNOR2_X1)                                     0.06       0.60 f
  U2158/ZN (XNOR2_X1)                                     0.06       0.66 f
  U2163/ZN (OR2_X2)                                       0.06       0.72 f
  U2174/ZN (AOI21_X1)                                     0.04       0.77 r
  U2177/ZN (OAI21_X1)                                     0.03       0.80 f
  U2178/ZN (AOI21_X1)                                     0.06       0.85 r
  U2188/ZN (OAI21_X1)                                     0.04       0.90 f
  U2206/ZN (AOI21_X1)                                     0.05       0.95 r
  U2214/ZN (NOR2_X1)                                      0.03       0.98 f
  U2408/Z (BUF_X2)                                        0.05       1.03 f
  U2474/ZN (NAND2_X1)                                     0.04       1.07 r
  U2475/ZN (NAND3_X1)                                     0.03       1.10 f
  mac_unit_inst/x_mult_f_reg_reg[17]/D (DFF_X1)           0.01       1.11 f
  data arrival time                                                  1.11

  clock clk (rise edge)                                   1.15       1.15
  clock network delay (ideal)                             0.00       1.15
  mac_unit_inst/x_mult_f_reg_reg[17]/CK (DFF_X1)          0.00       1.15 r
  library setup time                                     -0.04       1.11
  data required time                                                 1.11
  --------------------------------------------------------------------------
  data required time                                                 1.11
  data arrival time                                                 -1.11
  --------------------------------------------------------------------------
  slack (MET)                                                        0.00


1
write -f verilog $TOP_MOD_NAME -output gates.v -hierarchy
Writing verilog file '/home/home5/pjain/ese507_workspace/ese507_proj3/part1/synth_20_13_20_1/gates.v'.
Warning: Verilog 'assign' or 'tran' statements are written out. (VO-4)
1
quit

Thank you...
